<?xml version="1.0" encoding="UTF-8"?>
<!-- Generated by org.testng.reporters.JUnitReportReporter -->
<testsuite skipped="0" hostname="LP-PC0MQFYK" name="SeleniumGrid.SeleniumGrid" tests="1" failures="0" timestamp="10 Apr 2019 11:24:02 GMT" time="8.153" errors="0">
  <testcase name="f" time="8.153" classname="SeleniumGrid.SeleniumGrid"/>
</testsuite> <!-- SeleniumGrid.SeleniumGrid -->
